  Lab7.c
F:\Lab7Var15\Lab7\Lab7.c(68,24): warning C4133: =: несовместимые типы - из "NodeC *" в "NodeC *"
F:\Lab7Var15\Lab7\Lab7.c(72,25): warning C4133: =: несовместимые типы - из "NodeC *" в "NodeC *"
F:\Lab7Var15\Lab7\Lab7.c(90,24): warning C4133: =: несовместимые типы - из "NodeI *" в "NodeI *"
F:\Lab7Var15\Lab7\Lab7.c(94,25): warning C4133: =: несовместимые типы - из "NodeI *" в "NodeI *"
F:\Lab7Var15\Lab7\Lab7.c(195,19): warning C4133: =: несовместимые типы - из "Customer *" в "Customers *"
F:\Lab7Var15\Lab7\Lab7.c(197,13): warning C4133: =: несовместимые типы - из "Customers *" в "Customer *"
F:\Lab7Var15\Lab7\Lab7.c(208,18): warning C4133: =: несовместимые типы - из "Customer *" в "Customer *"
F:\Lab7Var15\Lab7\Lab7.c(221,24): warning C4133: =: несовместимые типы - из "Customer *" в "Customer *"
F:\Lab7Var15\Lab7\Lab7.c(224,25): warning C4133: =: несовместимые типы - из "Customer *" в "Customer *"
F:\Lab7Var15\Lab7\Lab7.c(240,31): warning C4133: =: несовместимые типы - из "Customer *" в "Customer *"
F:\Lab7Var15\Lab7\Lab7.c(260,31): warning C4133: =: несовместимые типы - из "Customer *" в "Customer *"
F:\Lab7Var15\Lab7\Lab7.c(506,29): warning C4133: =: несовместимые типы - из "Customer *" в "Customer *"
F:\Lab7Var15\Lab7\Lab7.c(512,24): warning C4133: =: несовместимые типы - из "Customer *" в "Customer *"
F:\Lab7Var15\Lab7\Lab7.c(520,21): warning C4133: =: несовместимые типы - из "Customer *" в "Customer *"
F:\Lab7Var15\Lab7\Lab7.c(526,24): warning C4133: =: несовместимые типы - из "Customer *" в "Owner *"
F:\Lab7Var15\Lab7\Lab7.c(508,1): warning C4133: инициализация: несовместимые типы - из "Customer *" в "Customer *"
F:\Lab7Var15\Lab7\Lab7.c(510,1): warning C4133: инициализация: несовместимые типы - из "Customer *" в "Customer *"
F:\Lab7Var15\Lab7\Lab7.c(522,1): warning C4133: инициализация: несовместимые типы - из "Customer *" в "Customer *"
F:\Lab7Var15\Lab7\Lab7.c(524,1): warning C4133: инициализация: несовместимые типы - из "Customer *" в "Owner *"
F:\Lab7Var15\Lab7\Lab7.c(495,16): warning C4101: info: неиспользованная локальная переменная
F:\Lab7Var15\Lab7\Lab7.c(499,16): warning C4101: info: неиспользованная локальная переменная
F:\Lab7Var15\Lab7\Lab7.c(545,20): warning C4133: =: несовместимые типы - из "NodeC *" в "NodeC *"
F:\Lab7Var15\Lab7\Lab7.c(553,20): warning C4133: =: несовместимые типы - из "NodeC *" в "NodeC *"
F:\Lab7Var15\Lab7\Lab7.c(561,20): warning C4133: =: несовместимые типы - из "NodeI *" в "NodeI *"
F:\Lab7Var15\Lab7\Lab7.c(569,20): warning C4133: =: несовместимые типы - из "NodeI *" в "NodeI *"
F:\Lab7Var15\Lab7\Lab7.c(577,20): warning C4133: =: несовместимые типы - из "NodeC *" в "NodeC *"
F:\Lab7Var15\Lab7\Lab7.c(602,21): warning C4133: =: несовместимые типы - из "NodeC *" в "NodeC *"
F:\Lab7Var15\Lab7\Lab7.c(610,21): warning C4133: =: несовместимые типы - из "NodeC *" в "NodeC *"
F:\Lab7Var15\Lab7\Lab7.c(618,21): warning C4133: =: несовместимые типы - из "NodeC *" в "NodeC *"
F:\Lab7Var15\Lab7\Lab7.c(626,21): warning C4133: =: несовместимые типы - из "NodeC *" в "NodeC *"
F:\Lab7Var15\Lab7\Lab7.c(634,21): warning C4133: =: несовместимые типы - из "NodeI *" в "NodeI *"
F:\Lab7Var15\Lab7\Lab7.c(642,21): warning C4133: =: несовместимые типы - из "NodeI *" в "NodeI *"
F:\Lab7Var15\Lab7\Lab7.c(650,21): warning C4133: =: несовместимые типы - из "NodeI *" в "NodeI *"
F:\Lab7Var15\Lab7\Lab7.c(658,21): warning C4133: =: несовместимые типы - из "NodeI *" в "NodeI *"
F:\Lab7Var15\Lab7\Lab7.c(666,21): warning C4133: =: несовместимые типы - из "NodeC *" в "NodeC *"
F:\Lab7Var15\Lab7\Lab7.c(674,21): warning C4133: =: несовместимые типы - из "NodeC *" в "NodeC *"
F:\Lab7Var15\Lab7\Lab7.c(683,18): warning C4133: =: несовместимые типы - из "Customer *" в "Customer *"
F:\Lab7Var15\Lab7\Lab7.c(706,19): warning C4133: =: несовместимые типы - из "Owner *" в "Owners *"
F:\Lab7Var15\Lab7\Lab7.c(708,13): warning C4133: =: несовместимые типы - из "Owners *" в "Owner *"
F:\Lab7Var15\Lab7\Lab7.c(720,18): warning C4133: =: несовместимые типы - из "Owner *" в "Owner *"
F:\Lab7Var15\Lab7\Lab7.c(734,24): warning C4133: =: несовместимые типы - из "Owner *" в "Owner *"
F:\Lab7Var15\Lab7\Lab7.c(738,25): warning C4133: =: несовместимые типы - из "Owner *" в "Owner *"
F:\Lab7Var15\Lab7\Lab7.c(757,31): warning C4133: =: несовместимые типы - из "Owner *" в "Owner *"
F:\Lab7Var15\Lab7\Lab7.c(781,31): warning C4133: =: несовместимые типы - из "Owner *" в "Owner *"
F:\Lab7Var15\Lab7\Lab7.c(865,29): warning C4133: =: несовместимые типы - из "Owner *" в "Owner *"
F:\Lab7Var15\Lab7\Lab7.c(871,24): warning C4133: =: несовместимые типы - из "Owner *" в "Owner *"
F:\Lab7Var15\Lab7\Lab7.c(879,21): warning C4133: =: несовместимые типы - из "Owner *" в "Owner *"
F:\Lab7Var15\Lab7\Lab7.c(885,24): warning C4133: =: несовместимые типы - из "Owner *" в "Owner *"
F:\Lab7Var15\Lab7\Lab7.c(867,1): warning C4133: инициализация: несовместимые типы - из "Owner *" в "Owner *"
F:\Lab7Var15\Lab7\Lab7.c(869,1): warning C4133: инициализация: несовместимые типы - из "Owner *" в "Owner *"
F:\Lab7Var15\Lab7\Lab7.c(881,1): warning C4133: инициализация: несовместимые типы - из "Owner *" в "Owner *"
F:\Lab7Var15\Lab7\Lab7.c(883,1): warning C4133: инициализация: несовместимые типы - из "Owner *" в "Owner *"
F:\Lab7Var15\Lab7\Lab7.c(854,13): warning C4101: info: неиспользованная локальная переменная
F:\Lab7Var15\Lab7\Lab7.c(858,13): warning C4101: info: неиспользованная локальная переменная
F:\Lab7Var15\Lab7\Lab7.c(924,18): warning C4133: =: несовместимые типы - из "Owner *" в "Owner *"
F:\Lab7Var15\Lab7\Lab7.c(947,18): warning C4133: =: несовместимые типы - из "Owner *" в "Owner *"
F:\Lab7Var15\Lab7\Lab7.c(966,18): warning C4133: =: несовместимые типы - из "Owner *" в "Owner *"
F:\Lab7Var15\Lab7\Lab7.c(985,18): warning C4133: =: несовместимые типы - из "Owner *" в "Owner *"
F:\Lab7Var15\Lab7\Lab7.c(1002,18): warning C4133: =: несовместимые типы - из "Owner *" в "Owner *"
F:\Lab7Var15\Lab7\Lab7.c(1021,18): warning C4133: =: несовместимые типы - из "Owner *" в "Owner *"
F:\Lab7Var15\Lab7\Lab7.c(1038,18): warning C4133: =: несовместимые типы - из "Owner *" в "Owner *"
F:\Lab7Var15\Lab7\Lab7.c(1055,18): warning C4133: =: несовместимые типы - из "Owner *" в "Owner *"
F:\Lab7Var15\Lab7\Lab7.c(1072,18): warning C4133: =: несовместимые типы - из "Owner *" в "Owner *"
F:\Lab7Var15\Lab7\Lab7.c(1080,15): warning C4013: getch: нет определения; предполагается "extern" с возвратом типа "int"
F:\Lab7Var15\Lab7\Lab7.c(1112,18): warning C4133: =: несовместимые типы - из "Customer *" в "Customer *"
F:\Lab7Var15\Lab7\Lab7.c(1134,21): warning C4133: =: несовместимые типы - из "NodeC *" в "NodeC *"
F:\Lab7Var15\Lab7\Lab7.c(1136,18): warning C4133: =: несовместимые типы - из "Customer *" в "Customer *"
F:\Lab7Var15\Lab7\Lab7.c(1158,21): warning C4133: =: несовместимые типы - из "NodeC *" в "NodeC *"
F:\Lab7Var15\Lab7\Lab7.c(1160,18): warning C4133: =: несовместимые типы - из "Customer *" в "Customer *"
F:\Lab7Var15\Lab7\Lab7.c(1182,21): warning C4133: =: несовместимые типы - из "NodeC *" в "NodeC *"
F:\Lab7Var15\Lab7\Lab7.c(1184,18): warning C4133: =: несовместимые типы - из "Customer *" в "Customer *"
F:\Lab7Var15\Lab7\Lab7.c(1204,21): warning C4133: =: несовместимые типы - из "NodeI *" в "NodeI *"
F:\Lab7Var15\Lab7\Lab7.c(1206,18): warning C4133: =: несовместимые типы - из "Customer *" в "Customer *"
F:\Lab7Var15\Lab7\Lab7.c(1226,21): warning C4133: =: несовместимые типы - из "NodeI *" в "NodeI *"
F:\Lab7Var15\Lab7\Lab7.c(1228,18): warning C4133: =: несовместимые типы - из "Customer *" в "Customer *"
F:\Lab7Var15\Lab7\Lab7.c(1245,18): warning C4133: =: несовместимые типы - из "Customer *" в "Customer *"
F:\Lab7Var15\Lab7\Lab7.c(1262,18): warning C4133: =: несовместимые типы - из "Customer *" в "Customer *"
F:\Lab7Var15\Lab7\Lab7.c(1377,21): warning C4133: =: несовместимые типы - из "NodeC *" в "NodeC *"
F:\Lab7Var15\Lab7\Lab7.c(1386,21): warning C4133: =: несовместимые типы - из "NodeC *" в "NodeC *"
F:\Lab7Var15\Lab7\Lab7.c(1395,21): warning C4133: =: несовместимые типы - из "NodeC *" в "NodeC *"
F:\Lab7Var15\Lab7\Lab7.c(1404,21): warning C4133: =: несовместимые типы - из "NodeI *" в "NodeI *"
F:\Lab7Var15\Lab7\Lab7.c(1413,21): warning C4133: =: несовместимые типы - из "NodeI *" в "NodeI *"
F:\Lab7Var15\Lab7\Lab7.c(1428,18): warning C4133: =: несовместимые типы - из "Customer *" в "Customer *"
F:\Lab7Var15\Lab7\Lab7.c(1449,21): warning C4133: =: несовместимые типы - из "NodeC *" в "NodeC *"
F:\Lab7Var15\Lab7\Lab7.c(1458,21): warning C4133: =: несовместимые типы - из "NodeC *" в "NodeC *"
F:\Lab7Var15\Lab7\Lab7.c(1467,21): warning C4133: =: несовместимые типы - из "NodeC *" в "NodeC *"
F:\Lab7Var15\Lab7\Lab7.c(1476,21): warning C4133: =: несовместимые типы - из "NodeI *" в "NodeI *"
F:\Lab7Var15\Lab7\Lab7.c(1485,21): warning C4133: =: несовместимые типы - из "NodeI *" в "NodeI *"
F:\Lab7Var15\Lab7\Lab7.c(1500,18): warning C4133: =: несовместимые типы - из "Owner *" в "Owner *"
F:\Lab7Var15\Lab7\Lab7.c(1512,38): warning C4013: SearchIndexCust: нет определения; предполагается "extern" с возвратом типа "int"
F:\Lab7Var15\Lab7\Lab7.c(1513,34): warning C4013: SearchIndexOwn: нет определения; предполагается "extern" с возвратом типа "int"
F:\Lab7Var15\Lab7\Lab7.c(1537,18): warning C4133: =: несовместимые типы - из "Customer *" в "Customer *"
F:\Lab7Var15\Lab7\Lab7.c(1552,18): warning C4133: =: несовместимые типы - из "Owner *" в "Owner *"
F:\Lab7Var15\Lab7\Lab7.c(1567,18): warning C4133: =: несовместимые типы - из "Owner *" в "Owner *"
F:\Lab7Var15\Lab7\Lab7.c(1582,18): warning C4133: =: несовместимые типы - из "Customer *" в "Customer *"
F:\Lab7Var15\Lab7\Lab7.c(1620,15): warning C4028: формальный параметр 1 отличается от объявления
F:\Lab7Var15\Lab7\Lab7.c(1621,1): warning C4273: atoi: несовместимое связывание dll
C:\Program Files (x86)\Windows Kits\10\Include\10.0.18362.0\ucrt\stdlib.h(447,62): message : см. предыдущее определение "atoi"
F:\Lab7Var15\Lab7\Lab7.c(1636,17): warning C4013: min1: нет определения; предполагается "extern" с возвратом типа "int"
F:\Lab7Var15\Lab7\Lab7.c(1794,23): warning C4133: функция: несовместимые типы - из "ListI *" в "ListC *"
F:\Lab7Var15\Lab7\Lab7.c(1794,28): warning C4047: функция: "char *" отличается по уровням косвенного обращения от "int"
F:\Lab7Var15\Lab7\Lab7.c(1794,28): warning C4024: pushC: различные типы для формального и фактического параметров 2
F:\Lab7Var15\Lab7\Lab7.c(1811,23): warning C4133: функция: несовместимые типы - из "ListI *" в "ListC *"
F:\Lab7Var15\Lab7\Lab7.c(1811,28): warning C4047: функция: "char *" отличается по уровням косвенного обращения от "int"
F:\Lab7Var15\Lab7\Lab7.c(1811,28): warning C4024: pushC: различные типы для формального и фактического параметров 2
F:\Lab7Var15\Lab7\Lab7.c(1828,22): warning C4133: функция: несовместимые типы - из "ListI *" в "ListC *"
F:\Lab7Var15\Lab7\Lab7.c(1828,27): warning C4047: функция: "char *" отличается по уровням косвенного обращения от "int"
F:\Lab7Var15\Lab7\Lab7.c(1828,27): warning C4024: pushC: различные типы для формального и фактического параметров 2
F:\Lab7Var15\Lab7\Lab7.c(1845,22): warning C4133: функция: несовместимые типы - из "ListI *" в "ListC *"
F:\Lab7Var15\Lab7\Lab7.c(1845,27): warning C4047: функция: "char *" отличается по уровням косвенного обращения от "int"
F:\Lab7Var15\Lab7\Lab7.c(1845,27): warning C4024: pushC: различные типы для формального и фактического параметров 2
F:\Lab7Var15\Lab7\Lab7.c(1896,21): warning C4133: =: несовместимые типы - из "NodeC *" в "NodeC *"
F:\Lab7Var15\Lab7\Lab7.c(1904,21): warning C4133: =: несовместимые типы - из "NodeC *" в "NodeC *"
F:\Lab7Var15\Lab7\Lab7.c(1912,21): warning C4133: =: несовместимые типы - из "NodeC *" в "NodeC *"
F:\Lab7Var15\Lab7\Lab7.c(1920,21): warning C4133: =: несовместимые типы - из "NodeC *" в "NodeC *"
F:\Lab7Var15\Lab7\Lab7.c(1928,21): warning C4133: =: несовместимые типы - из "NodeI *" в "NodeI *"
F:\Lab7Var15\Lab7\Lab7.c(1936,21): warning C4133: =: несовместимые типы - из "NodeI *" в "NodeI *"
F:\Lab7Var15\Lab7\Lab7.c(1944,21): warning C4133: =: несовместимые типы - из "NodeI *" в "NodeI *"
F:\Lab7Var15\Lab7\Lab7.c(1952,21): warning C4133: =: несовместимые типы - из "NodeI *" в "NodeI *"
F:\Lab7Var15\Lab7\Lab7.c(1960,21): warning C4133: =: несовместимые типы - из "NodeC *" в "NodeC *"
F:\Lab7Var15\Lab7\Lab7.c(1968,21): warning C4133: =: несовместимые типы - из "NodeC *" в "NodeC *"
F:\Lab7Var15\Lab7\Lab7.c(1977,18): warning C4133: =: несовместимые типы - из "Customer *" в "Customer *"
F:\Lab7Var15\Lab7\Lab7.c(2002,18): warning C4133: =: несовместимые типы - из "Owner *" в "Owner *"
F:\Lab7Var15\Lab7\Lab7.c(1540): warning C4715: SearchIndexCust: значение возвращается не при всех путях выполнения
F:\Lab7Var15\Lab7\Lab7.c(1570): warning C4715: SearchOwn: значение возвращается не при всех путях выполнения
F:\Lab7Var15\Lab7\Lab7.c(1585): warning C4715: SearchCust: значение возвращается не при всех путях выполнения
F:\Lab7Var15\Lab7\Lab7.c(1555): warning C4715: SearchIndexOwn: значение возвращается не при всех путях выполнения
  Lab7.vcxproj -> F:\Lab7Var15\Lab7\Debug\Lab7.exe
